This is pdfTeX, Version 3.141592653-2.6-1.40.27 (TeX Live 2026/dev/Arch Linux) (preloaded format=pdflatex 2025.3.27)  5 AUG 2025 09:56
entering extended mode
 restricted \write18 enabled.
 %&-line parsing enabled.
**\input ./Rd2.tex
(./Rd2.tex
(/usr/share/texmf-dist/tex/latex/base/book.cls
Document Class: book 2024/06/29 v1.4n Standard LaTeX document class
(/usr/share/texmf-dist/tex/latex/base/bk10.clo
File: bk10.clo 2024/06/29 v1.4n Standard LaTeX file (size option)
)
\c@part=\count196
\c@chapter=\count197
\c@section=\count198
\c@subsection=\count199
\c@subsubsection=\count266
\c@paragraph=\count267
\c@subparagraph=\count268
\c@figure=\count269
\c@table=\count270
\abovecaptionskip=\skip49
\belowcaptionskip=\skip50
\bibindent=\dimen141
)
(/usr/share/texmf/tex/latex/Rd.sty
Package: Rd 

(/usr/share/texmf-dist/tex/latex/base/ifthen.sty
Package: ifthen 2024/03/16 v1.1e Standard LaTeX ifthen package (DPC)
)
(/usr/share/texmf-dist/tex/generic/iftex/iftex.sty
Package: iftex 2024/12/12 v1.0g TeX engine tests
)
(/usr/share/texmf-dist/tex/latex/tools/longtable.sty
Package: longtable 2024-10-27 v4.22 Multi-page Table package (DPC)
\LTleft=\skip51
\LTright=\skip52
\LTpre=\skip53
\LTpost=\skip54
\LTchunksize=\count271
\LTcapwidth=\dimen142
\LT@head=\box52
\LT@firsthead=\box53
\LT@foot=\box54
\LT@lastfoot=\box55
\LT@gbox=\box56
\LT@cols=\count272
\LT@rows=\count273
\c@LT@tables=\count274
\c@LT@chunks=\count275
\LT@p@ftn=\toks17
)
(/usr/share/texmf-dist/tex/latex/tools/bm.sty
Package: bm 2023/12/19 v1.2f Bold Symbol Support (DPC/FMi)
\symboldoperators=\mathgroup4
\symboldletters=\mathgroup5
\symboldsymbols=\mathgroup6
Package bm Info: No bold for \OMX/cmex/m/n, using \pmb.
LaTeX Font Info:    Redeclaring math alphabet \mathbf on input line 149.
)
(/usr/share/texmf-dist/tex/latex/base/alltt.sty
Package: alltt 2024/07/07 v2.0g defines alltt environment
)
(/usr/share/texmf-dist/tex/latex/tools/verbatim.sty
Package: verbatim 2024-01-22 v1.5x LaTeX2e package for verbatim enhancements
\every@verbatim=\toks18
\verbatim@line=\toks19
\verbatim@in@stream=\read2
)
(/usr/share/texmf-dist/tex/latex/url/url.sty
\Urlmuskip=\muskip17
Package: url 2013/09/16  ver 3.4  Verb mode for urls, etc.
)
(/usr/share/texmf-dist/tex/latex/base/textcomp.sty
Package: textcomp 2024/04/24 v2.1b Standard LaTeX package
)
(/usr/share/texmf-dist/tex/latex/amsmath/amsmath.sty
Package: amsmath 2024/11/05 v2.17t AMS math features
\@mathmargin=\skip55

For additional information on amsmath, use the `?' option.
(/usr/share/texmf-dist/tex/latex/amsmath/amstext.sty
Package: amstext 2021/08/26 v2.01 AMS text

(/usr/share/texmf-dist/tex/latex/amsmath/amsgen.sty
File: amsgen.sty 1999/11/30 v2.0 generic functions
\@emptytoks=\toks20
\ex@=\dimen143
))
(/usr/share/texmf-dist/tex/latex/amsmath/amsbsy.sty
Package: amsbsy 1999/11/29 v1.2d Bold Symbols
LaTeX Info: Redefining \boldsymbol on input line 28.
\pmbraise@=\dimen144
)
(/usr/share/texmf-dist/tex/latex/amsmath/amsopn.sty
Package: amsopn 2022/04/08 v2.04 operator names
)
\inf@bad=\count276
LaTeX Info: Redefining \frac on input line 233.
\uproot@=\count277
\leftroot@=\count278
LaTeX Info: Redefining \overline on input line 398.
LaTeX Info: Redefining \colon on input line 409.
\classnum@=\count279
\DOTSCASE@=\count280
LaTeX Info: Redefining \ldots on input line 495.
LaTeX Info: Redefining \dots on input line 498.
LaTeX Info: Redefining \cdots on input line 619.
\Mathstrutbox@=\box57
\strutbox@=\box58
LaTeX Info: Redefining \big on input line 721.
LaTeX Info: Redefining \Big on input line 722.
LaTeX Info: Redefining \bigg on input line 723.
LaTeX Info: Redefining \Bigg on input line 724.
\big@size=\dimen145
LaTeX Font Info:    Redeclaring font encoding OML on input line 742.
LaTeX Font Info:    Redeclaring font encoding OMS on input line 743.
\macc@depth=\count281
LaTeX Info: Redefining \bmod on input line 904.
LaTeX Info: Redefining \pmod on input line 909.
LaTeX Info: Redefining \smash on input line 939.
LaTeX Info: Redefining \relbar on input line 969.
LaTeX Info: Redefining \Relbar on input line 970.
\c@MaxMatrixCols=\count282
\dotsspace@=\muskip18
\c@parentequation=\count283
\dspbrk@lvl=\count284
\tag@help=\toks21
\row@=\count285
\column@=\count286
\maxfields@=\count287
\andhelp@=\toks22
\eqnshift@=\dimen146
\alignsep@=\dimen147
\tagshift@=\dimen148
\tagwidth@=\dimen149
\totwidth@=\dimen150
\lineht@=\dimen151
\@envbody=\toks23
\multlinegap=\skip56
\multlinetaggap=\skip57
\mathdisplay@stack=\toks24
LaTeX Info: Redefining \[ on input line 2953.
LaTeX Info: Redefining \] on input line 2954.
)
(/usr/share/texmf-dist/tex/latex/amsfonts/amsfonts.sty
Package: amsfonts 2013/01/14 v3.01 Basic AMSFonts support
\symAMSa=\mathgroup7
\symAMSb=\mathgroup8
LaTeX Font Info:    Redeclaring math symbol \hbar on input line 98.
LaTeX Font Info:    Overwriting math alphabet `\mathfrak' in version `bold'
(Font)                  U/euf/m/n --> U/euf/b/n on input line 106.
)
(/usr/share/texmf-dist/tex/latex/amsfonts/amssymb.sty
Package: amssymb 2013/01/14 v3.01 AMS font symbols
)
(/usr/share/texmf-dist/tex/latex/jknapltx/mathrsfs.sty
Package: mathrsfs 1996/01/01 Math RSFS package v1.0 (jk)
\symrsfs=\mathgroup9
)
\ldescriptionwidth=\skip58

(/usr/share/texmf-dist/tex/latex/base/fontenc.sty
Package: fontenc 2021/04/29 v2.0v Standard LaTeX package
)
(/usr/share/texmf-dist/tex/latex/psnfss/times.sty
Package: times 2020/03/25 PSNFSS-v9.3 (SPQR) 
)
(/usr/share/texmf-dist/tex/latex/graphics/color.sty
Package: color 2024/06/23 v1.3e Standard LaTeX Color (DPC)

(/usr/share/texmf-dist/tex/latex/graphics-cfg/color.cfg
File: color.cfg 2016/01/02 v1.6 sample color configuration
)
Package color Info: Driver file: pdftex.def on input line 149.

(/usr/share/texmf-dist/tex/latex/graphics-def/pdftex.def
File: pdftex.def 2024/04/13 v1.2c Graphics/color driver for pdftex
)
(/usr/share/texmf-dist/tex/latex/graphics/mathcolor.ltx))
(/usr/share/texmf-dist/tex/latex/hyperref/hyperref.sty
Package: hyperref 2024-11-05 v7.01l Hypertext links for LaTeX

(/usr/share/texmf-dist/tex/latex/graphics/keyval.sty
Package: keyval 2022/05/29 v1.15 key=value parser (DPC)
\KV@toks@=\toks25
)
(/usr/share/texmf-dist/tex/latex/kvsetkeys/kvsetkeys.sty
Package: kvsetkeys 2022-10-05 v1.19 Key value parser (HO)
)
(/usr/share/texmf-dist/tex/generic/kvdefinekeys/kvdefinekeys.sty
Package: kvdefinekeys 2019-12-19 v1.6 Define keys (HO)
)
(/usr/share/texmf-dist/tex/generic/pdfescape/pdfescape.sty
Package: pdfescape 2019/12/09 v1.15 Implements pdfTeX's escape features (HO)

(/usr/share/texmf-dist/tex/generic/ltxcmds/ltxcmds.sty
Package: ltxcmds 2023-12-04 v1.26 LaTeX kernel commands for general use (HO)
)
(/usr/share/texmf-dist/tex/generic/pdftexcmds/pdftexcmds.sty
Package: pdftexcmds 2020-06-27 v0.33 Utility functions of pdfTeX for LuaTeX (HO
)

(/usr/share/texmf-dist/tex/generic/infwarerr/infwarerr.sty
Package: infwarerr 2019/12/03 v1.5 Providing info/warning/error messages (HO)
)
Package pdftexcmds Info: \pdf@primitive is available.
Package pdftexcmds Info: \pdf@ifprimitive is available.
Package pdftexcmds Info: \pdfdraftmode found.
))
(/usr/share/texmf-dist/tex/latex/hycolor/hycolor.sty
Package: hycolor 2020-01-27 v1.10 Color options for hyperref/bookmark (HO)
)
(/usr/share/texmf-dist/tex/latex/hyperref/nameref.sty
Package: nameref 2023-11-26 v2.56 Cross-referencing by name of section

(/usr/share/texmf-dist/tex/latex/refcount/refcount.sty
Package: refcount 2019/12/15 v3.6 Data extraction from label references (HO)
)
(/usr/share/texmf-dist/tex/generic/gettitlestring/gettitlestring.sty
Package: gettitlestring 2019/12/15 v1.6 Cleanup title references (HO)

(/usr/share/texmf-dist/tex/latex/kvoptions/kvoptions.sty
Package: kvoptions 2022-06-15 v3.15 Key value format for package options (HO)
))
\c@section@level=\count288
)
(/usr/share/texmf-dist/tex/latex/etoolbox/etoolbox.sty
Package: etoolbox 2025/02/11 v2.5l e-TeX tools for LaTeX (JAW)
\etb@tempcnta=\count289
)
(/usr/share/texmf-dist/tex/generic/stringenc/stringenc.sty
Package: stringenc 2019/11/29 v1.12 Convert strings between diff. encodings (HO
)
)
\@linkdim=\dimen152
\Hy@linkcounter=\count290
\Hy@pagecounter=\count291

(/usr/share/texmf-dist/tex/latex/hyperref/pd1enc.def
File: pd1enc.def 2024-11-05 v7.01l Hyperref: PDFDocEncoding definition (HO)
Now handling font encoding PD1 ...
... no UTF-8 mapping file for font encoding PD1
)
(/usr/share/texmf-dist/tex/generic/intcalc/intcalc.sty
Package: intcalc 2019/12/15 v1.3 Expandable calculations with integers (HO)
)
\Hy@SavedSpaceFactor=\count292

(/usr/share/texmf-dist/tex/latex/hyperref/puenc.def
File: puenc.def 2024-11-05 v7.01l Hyperref: PDF Unicode definition (HO)
Now handling font encoding PU ...
... no UTF-8 mapping file for font encoding PU
)
Package hyperref Info: Hyper figures OFF on input line 4157.
Package hyperref Info: Link nesting OFF on input line 4162.
Package hyperref Info: Hyper index ON on input line 4165.
Package hyperref Info: Plain pages OFF on input line 4172.
Package hyperref Info: Backreferencing OFF on input line 4177.
Package hyperref Info: Implicit mode ON; LaTeX internals redefined.
Package hyperref Info: Bookmarks ON on input line 4424.
\c@Hy@tempcnt=\count293
LaTeX Info: Redefining \url on input line 4763.
\XeTeXLinkMargin=\dimen153

(/usr/share/texmf-dist/tex/generic/bitset/bitset.sty
Package: bitset 2019/12/09 v1.3 Handle bit-vector datatype (HO)

(/usr/share/texmf-dist/tex/generic/bigintcalc/bigintcalc.sty
Package: bigintcalc 2019/12/15 v1.5 Expandable calculations on big integers (HO
)
))
\Fld@menulength=\count294
\Field@Width=\dimen154
\Fld@charsize=\dimen155
Package hyperref Info: Hyper figures OFF on input line 6042.
Package hyperref Info: Link nesting OFF on input line 6047.
Package hyperref Info: Hyper index ON on input line 6050.
Package hyperref Info: backreferencing OFF on input line 6057.
Package hyperref Info: Link coloring OFF on input line 6062.
Package hyperref Info: Link coloring with OCG OFF on input line 6067.
Package hyperref Info: PDF/A mode OFF on input line 6072.

(/usr/share/texmf-dist/tex/latex/base/atbegshi-ltx.sty
Package: atbegshi-ltx 2021/01/10 v1.0c Emulation of the original atbegshi
package with kernel methods
)
\Hy@abspage=\count295
\c@Item=\count296
\c@Hfootnote=\count297
)
Package hyperref Info: Driver (autodetected): hpdftex.

(/usr/share/texmf-dist/tex/latex/hyperref/hpdftex.def
File: hpdftex.def 2024-11-05 v7.01l Hyperref driver for pdfTeX

(/usr/share/texmf-dist/tex/latex/base/atveryend-ltx.sty
Package: atveryend-ltx 2020/08/19 v1.0a Emulation of the original atveryend pac
kage
with kernel methods
)
\Fld@listcount=\count298
\c@bookmark@seq@number=\count299

(/usr/share/texmf-dist/tex/latex/rerunfilecheck/rerunfilecheck.sty
Package: rerunfilecheck 2022-07-10 v1.10 Rerun checks for auxiliary files (HO)

(/usr/share/texmf-dist/tex/generic/uniquecounter/uniquecounter.sty
Package: uniquecounter 2019/12/15 v1.4 Provide unlimited unique counter (HO)
)
Package uniquecounter Info: New unique counter `rerunfilecheck' on input line 2
85.
)
\Hy@SectionHShift=\skip59
)
Package hyperref Info: Option `colorlinks' set `true' on input line 413.
Package hyperref Info: Option `linktocpage' set `true' on input line 413.
Package hyperref Info: Option `plainpages' set `false' on input line 413.
)
(/usr/share/texmf-dist/tex/latex/base/makeidx.sty
Package: makeidx 2021/10/04 v1.0m Standard LaTeX package
)
\@indexfile=\write3
\openout3 = `Rd2.idx'.


Writing index file Rd2.idx
LaTeX Font Info:    Trying to load font information for T1+ptm on input line 8.

(/usr/share/texmf-dist/tex/latex/psnfss/t1ptm.fd
File: t1ptm.fd 2001/06/04 font definitions for T1/ptm.
)
(/usr/share/texmf-dist/tex/latex/l3backend/l3backend-pdftex.def
File: l3backend-pdftex.def 2024-05-08 L3 backend support: PDF output (pdfTeX)
\l__color_backend_stack_int=\count300
\l__pdf_internal_box=\box59
)
No file Rd2.aux.
\openout1 = `Rd2.aux'.

LaTeX Font Info:    Checking defaults for OML/cmm/m/it on input line 8.
LaTeX Font Info:    ... okay on input line 8.
LaTeX Font Info:    Checking defaults for OMS/cmsy/m/n on input line 8.
LaTeX Font Info:    ... okay on input line 8.
LaTeX Font Info:    Checking defaults for OT1/cmr/m/n on input line 8.
LaTeX Font Info:    ... okay on input line 8.
LaTeX Font Info:    Checking defaults for T1/cmr/m/n on input line 8.
LaTeX Font Info:    ... okay on input line 8.
LaTeX Font Info:    Checking defaults for TS1/cmr/m/n on input line 8.
LaTeX Font Info:    ... okay on input line 8.
LaTeX Font Info:    Checking defaults for OMX/cmex/m/n on input line 8.
LaTeX Font Info:    ... okay on input line 8.
LaTeX Font Info:    Checking defaults for U/cmr/m/n on input line 8.
LaTeX Font Info:    ... okay on input line 8.
LaTeX Font Info:    Checking defaults for PD1/pdf/m/n on input line 8.
LaTeX Font Info:    ... okay on input line 8.
LaTeX Font Info:    Checking defaults for PU/pdf/m/n on input line 8.
LaTeX Font Info:    ... okay on input line 8.
(/usr/share/texmf-dist/tex/context/base/mkii/supp-pdf.mkii
[Loading MPS to PDF converter (version 2006.09.02).]
\scratchcounter=\count301
\scratchdimen=\dimen156
\scratchbox=\box60
\nofMPsegments=\count302
\nofMParguments=\count303
\everyMPshowfont=\toks26
\MPscratchCnt=\count304
\MPscratchDim=\dimen157
\MPnumerator=\count305
\makeMPintoPDFobject=\count306
\everyMPtoPDFconversion=\toks27
)
Package hyperref Info: Link coloring ON on input line 8.
\@outlinefile=\write4
\openout4 = `Rd2.out'.

LaTeX Font Info:    Trying to load font information for T1+pcr on input line 21
.
 (/usr/share/texmf-dist/tex/latex/psnfss/t1pcr.fd
File: t1pcr.fd 2001/06/04 font definitions for T1/pcr.
)
LaTeX Font Info:    Trying to load font information for U+msa on input line 22.


(/usr/share/texmf-dist/tex/latex/amsfonts/umsa.fd
File: umsa.fd 2013/01/14 v3.01 AMS symbols A
)
LaTeX Font Info:    Trying to load font information for U+msb on input line 22.


(/usr/share/texmf-dist/tex/latex/amsfonts/umsb.fd
File: umsb.fd 2013/01/14 v3.01 AMS symbols B
)
LaTeX Font Info:    Trying to load font information for U+rsfs on input line 22
.

(/usr/share/texmf-dist/tex/latex/jknapltx/ursfs.fd
File: ursfs.fd 1998/03/24 rsfs font definition file (jk)
)
No file Rd2.toc.
\tf@toc=\write5
\openout5 = `Rd2.toc'.

LaTeX Font Info:    Trying to load font information for TS1+ptm on input line 4
9.
(/usr/share/texmf-dist/tex/latex/psnfss/ts1ptm.fd
File: ts1ptm.fd 2001/06/04 font definitions for TS1/ptm.
)

[1


{/var/lib/texmf/fonts/map/pdftex/updmap/pdftex.map}{/usr/share/texmf-dist/fonts
/enc/dvips/base/8r.enc}]

[2]
Overfull \hbox (1.66498pt too wide) in paragraph at lines 161--163
[]\T1/ptm/m/n/10 A dataframe of an-nual max-i-mum se-ries ob-ser-va-tions for s
ta-tion 05BB001, BOW RIVER AT BANFF
 []



[3]

[4]

[5]

[6]

[7]

[8]

[9]

[10]
Overfull \hbox (9.16751pt too wide) in paragraph at lines 596--598
[]\T1/ptm/m/n/10 A char-ac-ter scalar con-tain-ing the file name of a lo-cal da
taset in \T1/pcr/m/n/10 /inst/extdata\T1/ptm/m/n/10 .
 []


Overfull \hbox (8.24748pt too wide) in paragraph at lines 603--604
[]\T1/pcr/m/n/10 "CAN-08MH016.csv"[]\T1/ptm/m/n/10 : CHILL-I-WACK RIVER AT CHIL
L-I-WACK LAKE 
 []



[11]

[12]

[13]

[14]

[15]

[16]

[17]

[18]

[19]

[20]

[21]

[22]

[23]

[24]

[25]

[26]

[27]
Overfull \hbox (2.34094pt too wide) in paragraph at lines 1660--1662
[][][]\T1/pcr/m/n/10 loglik_fast()[][][][]\T1/ptm/m/n/10 , [][][]\T1/pcr/m/n/10
 general_loglik_fast()[][][][]\T1/ptm/m/n/10 , [][][]\T1/pcr/m/n/10 fit_lmom_fa
st()[][][][]\T1/ptm/m/n/10 , [][][]\T1/pcr/m/n/10 stats::nlminb()[][][] 
 []



[28]
Overfull \hbox (36.78088pt too wide) in paragraph at lines 1682--1682
 []\T1/pcr/m/n/10 general_loglik_fast(data, distribution, params, prior, years,
 structure) 
 []


Overfull \hbox (6.09921pt too wide) in paragraph at lines 1695--1698
\T1/ptm/m/n/10 The length must be be-tween 2 and 5, de-pend-ing on the spec-i-f
ied []\T1/pcr/m/n/10 distribution
 []



[29]
Overfull \hbox (30.78088pt too wide) in paragraph at lines 1750--1750
 []\T1/pcr/m/n/10 general_loglik_gev(data, params, prior, years = NULL, structu
re = NULL) 
 []


Overfull \hbox (6.09921pt too wide) in paragraph at lines 1759--1762
\T1/ptm/m/n/10 The length must be be-tween 2 and 5, de-pend-ing on the spec-i-f
ied []\T1/pcr/m/n/10 distribution
 []

LaTeX Info: Symbol \textasciiacute not provided by
            font family ptm in TS1 encoding.
            Default family used instead on input line 1794.


[30]
Overfull \hbox (13.13737pt too wide) in paragraph at lines 1798--1801
\T1/ptm/m/n/10 value quan-tile es-ti-ma-tors for hy-dro-logic data. Wa-ter Re-s
ources Re-search, 36(3), 737^^U744. [][]doi:10.1029/
 []


Overfull \hbox (6.09921pt too wide) in paragraph at lines 1840--1843
\T1/ptm/m/n/10 The length must be be-tween 2 and 5, de-pend-ing on the spec-i-f
ied []\T1/pcr/m/n/10 distribution
 []



[31{/usr/share/texmf-dist/fonts/enc/dvips/cm-super/cm-super-ts1.enc}]

[32]

[33]
Overfull \hbox (6.09921pt too wide) in paragraph at lines 1980--1983
\T1/ptm/m/n/10 The length must be be-tween 2 and 5, de-pend-ing on the spec-i-f
ied []\T1/pcr/m/n/10 distribution
 []



[34]
Overfull \hbox (6.09921pt too wide) in paragraph at lines 2043--2046
\T1/ptm/m/n/10 The length must be be-tween 2 and 5, de-pend-ing on the spec-i-f
ied []\T1/pcr/m/n/10 distribution
 []



[35]
Overfull \hbox (6.09921pt too wide) in paragraph at lines 2125--2128
\T1/ptm/m/n/10 The length must be be-tween 2 and 5, de-pend-ing on the spec-i-f
ied []\T1/pcr/m/n/10 distribution
 []



[36]
Overfull \hbox (6.09921pt too wide) in paragraph at lines 2198--2201
\T1/ptm/m/n/10 The length must be be-tween 2 and 5, de-pend-ing on the spec-i-f
ied []\T1/pcr/m/n/10 distribution
 []


Overfull \hbox (81.648pt too wide) in paragraph at lines 2202--2204
[]\T1/ptm/m/n/10 List; es-ti-mated reu-trn lev-els and con-fi-dence in-ter-vals
 gen-er-ated by [][][]\T1/pcr/m/n/10 uncertainty_bootstrap()[][][]
 []



[37]
Overfull \hbox (3.82092pt too wide) in paragraph at lines 2248--2249
[][][]\T1/pcr/m/n/10 uncertainty_bootstrap()[][][][]\T1/ptm/m/n/10 , [][][]\T1/
pcr/m/n/10 uncertainty_rfpl()[][][][]\T1/ptm/m/n/10 , [][][]\T1/pcr/m/n/10 fit_
maximum_likelihood()[][][] 
 []



[38]

[39]

[40]

[41]
Overfull \hbox (94.6874pt too wide) in paragraph at lines 2511--2513
[]\T1/ptm/m/n/10 A list of es-ti-mated re-turn lev-els and con-fi-dence in-ter-
vals gen-er-ated by [][][]\T1/pcr/m/n/10 uncertainty_bootstrap()[][][]
 []



[42]

[43]

[44]

[45]
Overfull \hbox (94.6874pt too wide) in paragraph at lines 2724--2726
[]\T1/ptm/m/n/10 A list of es-ti-mated re-turn lev-els and con-fi-dence in-ter-
vals gen-er-ated by [][][]\T1/pcr/m/n/10 uncertainty_bootstrap()[][][]
 []



[46]
Overfull \hbox (6.09921pt too wide) in paragraph at lines 2812--2815
\T1/ptm/m/n/10 The length must be be-tween 2 and 5, de-pend-ing on the spec-i-f
ied []\T1/pcr/m/n/10 distribution
 []


Overfull \hbox (19.43002pt too wide) in paragraph at lines 2816--2821
[]\T1/pcr/m/n/10 years []\T1/ptm/m/n/10 ar-gu-ment. Note that if []\T1/pcr/m/n/
10 structure$location []\T1/ptm/m/n/10 and []\T1/pcr/m/n/10 structure$scale
 []



[47]

[48]
Overfull \hbox (6.09921pt too wide) in paragraph at lines 2901--2904
\T1/ptm/m/n/10 The length must be be-tween 2 and 5, de-pend-ing on the spec-i-f
ied []\T1/pcr/m/n/10 distribution
 []


Overfull \hbox (19.43002pt too wide) in paragraph at lines 2905--2910
[]\T1/pcr/m/n/10 years []\T1/ptm/m/n/10 ar-gu-ment. Note that if []\T1/pcr/m/n/
10 structure$location []\T1/ptm/m/n/10 and []\T1/pcr/m/n/10 structure$scale
 []



[49]
Overfull \hbox (32.34094pt too wide) in paragraph at lines 2992--2994
[][][]\T1/pcr/m/n/10 lmom_sample()[][][][]\T1/ptm/m/n/10 , [][][]\T1/pcr/m/n/10
 select_lkurtosis()[][][][]\T1/ptm/m/n/10 , [][][]\T1/pcr/m/n/10 select_zstatis
tic()[][][][]\T1/ptm/m/n/10 , [][][]\T1/pcr/m/n/10 plot_lmom_diagram()[][][] 
 []



[50]
Overfull \hbox (32.34094pt too wide) in paragraph at lines 3049--3051
[][][]\T1/pcr/m/n/10 lmom_sample()[][][][]\T1/ptm/m/n/10 , [][][]\T1/pcr/m/n/10
 select_ldistance()[][][][]\T1/ptm/m/n/10 , [][][]\T1/pcr/m/n/10 select_zstatis
tic()[][][][]\T1/ptm/m/n/10 , [][][]\T1/pcr/m/n/10 plot_lmom_diagram()[][][] 
 []



[51]
Overfull \hbox (3.34837pt too wide) in paragraph at lines 3108--3109
[]\T1/pcr/m/n/10 log_std_t4[]\T1/ptm/m/n/10 : Stan-dard de-vi-a-tion of the L-k
urtosis from the boot-strap (us-ing []\T1/pcr/m/n/10 log_params[]\T1/ptm/m/n/10
 ). 
 []


Overfull \hbox (22.84094pt too wide) in paragraph at lines 3120--3122
[][][]\T1/pcr/m/n/10 select_ldistance()[][][][]\T1/ptm/m/n/10 , [][][]\T1/pcr/m
/n/10 select_lkurtosis()[][][][]\T1/ptm/m/n/10 , [][][]\T1/pcr/m/n/10 fit_lmom_
kappa()[][][][]\T1/ptm/m/n/10 , [][][]\T1/pcr/m/n/10 quantile_fast()[][][][]\T1
/ptm/m/n/10 ,
 []



[52]

[53]
Overfull \hbox (1.00693pt too wide) in paragraph at lines 3233--3237
[]\T1/ptm/m/n/10 The para-met-ric boot-strap is known to give un-rea-son-ably w
ide con-fi-dence in-ter-vals for small datasets.
 []


Overfull \hbox (8.02722pt too wide) in paragraph at lines 3233--3237
\T1/ptm/m/n/10 it will re-turn an er-ror and rec-om-mend RFPL un-cer-tainty qua
n-tifi-ca-tion (with []\T1/pcr/m/n/10 uncertainty_rfpl[]\T1/ptm/m/n/10 ). 
 []


Overfull \hbox (32.57817pt too wide) in paragraph at lines 3240--3243
\T1/ptm/m/n/10 fre-quency anal-y-sis, Ad-vances in Wa-ter Re-sources 161, 10451
 (2022). [][]doi:10.1016/j.advwatres.2022.104151[][] 
 []


Overfull \hbox (22.84094pt too wide) in paragraph at lines 3246--3248
[][][]\T1/pcr/m/n/10 fit_lmom_fast()[][][][]\T1/ptm/m/n/10 , [][][]\T1/pcr/m/n/
10 fit_maximum_likelihood()[][][][]\T1/ptm/m/n/10 , [][][]\T1/pcr/m/n/10 lmom_s
ample()[][][][]\T1/ptm/m/n/10 , [][][]\T1/pcr/m/n/10 quantile_fast()[][][][]\T1
/ptm/m/n/10 ,
 []



[54]

[55]
Overfull \hbox (32.57817pt too wide) in paragraph at lines 3376--3379
\T1/ptm/m/n/10 fre-quency anal-y-sis, Ad-vances in Wa-ter Re-sources 161, 10451
 (2022). [][]doi:10.1016/j.advwatres.2022.104151[][] 
 []


Overfull \hbox (5.36688pt too wide) in paragraph at lines 3380--3383
[]\T1/ptm/m/n/10 Vidrio-Sahagún, C.T., He, J. & Pietron-iro, A. Multi-distribut
ion regula-falsi pro-file like-li-hood method
 []



[56]
No file Rd2.ind.


[57] (/home/rileywheadon/Code/ffa-package/.Rd2pdf861036/Rd2.aux)
 ***********
LaTeX2e <2024-11-01> patch level 2
L3 programming layer <2025-01-18>
 ***********


Package rerunfilecheck Warning: File `Rd2.out' has changed.
(rerunfilecheck)                Rerun to get outlines right
(rerunfilecheck)                or use package `bookmark'.

Package rerunfilecheck Info: Checksums for `Rd2.out':
(rerunfilecheck)             Before: <no file>
(rerunfilecheck)             After:  697BD58B54673BE1D1682B49F3CD3B9C;7072.
 ) 
Here is how much of TeX's memory you used:
 10935 strings out of 475171
 162480 string characters out of 5767095
 550313 words of memory out of 5000000
 33197 multiletter control sequences out of 15000+600000
 592558 words of font info for 81 fonts, out of 8000000 for 9000
 14 hyphenation exceptions out of 8191
 92i,6n,95p,542b,735s stack positions out of 10000i,1000n,20000p,200000b,200000s

pdfTeX warning (dest): name{Rfn.stats::nlminb\(\)} has been referenced but does
 not exist, replaced by a fixed one


pdfTeX warning (dest): name{Rfn.stats::optim\(\)} has been referenced but does 
not exist, replaced by a fixed one


pdfTeX warning (dest): name{Rfn.stats::pchisq\(\)} has been referenced but does
 not exist, replaced by a fixed one


pdfTeX warning (dest): name{Rfn.stats::lm\(\)} has been referenced but does not
 exist, replaced by a fixed one


pdfTeX warning (dest): name{Rfn.stats::cor.test\(\)} has been referenced but do
es not exist, replaced by a fixed one


pdfTeX warning (dest): name{Rfn.model.Rul.assessment} has been referenced but d
oes not exist, replaced by a fixed one

</usr/share/texmf-dist/fonts/type1/public/amsfonts/cm/cmmi10.pfb></usr/share/te
xmf-dist/fonts/type1/public/amsfonts/cm/cmmi7.pfb></usr/share/texmf-dist/fonts/
type1/public/amsfonts/cm/cmr10.pfb></usr/share/texmf-dist/fonts/type1/public/am
sfonts/cm/cmr7.pfb></usr/share/texmf-dist/fonts/type1/public/amsfonts/cm/cmsy10
.pfb></usr/share/texmf-dist/fonts/type1/public/cm-super/sfrm1000.pfb></usr/shar
e/texmf-dist/fonts/type1/urw/courier/ucrr8a.pfb></usr/share/texmf-dist/fonts/ty
pe1/urw/times/utmb8a.pfb></usr/share/texmf-dist/fonts/type1/urw/times/utmr8a.pf
b></usr/share/texmf-dist/fonts/type1/urw/times/utmr8a.pfb></usr/share/texmf-dis
t/fonts/type1/urw/times/utmri8a.pfb>
Output written on Rd2.pdf (57 pages, 252500 bytes).
PDF statistics:
 1093 PDF objects out of 1200 (max. 8388607)
 1001 compressed objects within 11 object streams
 580 named destinations out of 1000 (max. 500000)
 1 words of extra memory for PDF output out of 10000 (max. 10000000)

