\BOOKMARK [1][-]{Rfn.ffaframework.Rdash.package.1}{\376\377\000f\000f\000a\000f\000r\000a\000m\000e\000w\000o\000r\000k\000-\000p\000a\000c\000k\000a\000g\000e}{}% 1
\BOOKMARK [1][-]{Rfn.CAN.Rul.05BA001.1}{\376\377\000C\000A\000N\000\137\0000\0005\000B\000A\0000\0000\0001}{}% 2
\BOOKMARK [1][-]{Rfn.CAN.Rul.05BB001.1}{\376\377\000C\000A\000N\000\137\0000\0005\000B\000B\0000\0000\0001}{}% 3
\BOOKMARK [1][-]{Rfn.CAN.Rul.07BE001.1}{\376\377\000C\000A\000N\000\137\0000\0007\000B\000E\0000\0000\0001}{}% 4
\BOOKMARK [1][-]{Rfn.CAN.Rul.08MH016.1}{\376\377\000C\000A\000N\000\137\0000\0008\000M\000H\0000\0001\0006}{}% 5
\BOOKMARK [1][-]{Rfn.CAN.Rul.08NH021.1}{\376\377\000C\000A\000N\000\137\0000\0008\000N\000H\0000\0002\0001}{}% 6
\BOOKMARK [1][-]{Rfn.CAN.Rul.08NM050.1}{\376\377\000C\000A\000N\000\137\0000\0008\000N\000M\0000\0005\0000}{}% 7
\BOOKMARK [1][-]{Rfn.CAN.Rul.08NM116.1}{\376\377\000C\000A\000N\000\137\0000\0008\000N\000M\0001\0001\0006}{}% 8
\BOOKMARK [1][-]{Rfn.data.Rul.decomposition.1}{\376\377\000d\000a\000t\000a\000\137\000d\000e\000c\000o\000m\000p\000o\000s\000i\000t\000i\000o\000n}{}% 9
\BOOKMARK [1][-]{Rfn.data.Rul.geomet.1}{\376\377\000d\000a\000t\000a\000\137\000g\000e\000o\000m\000e\000t}{}% 10
\BOOKMARK [1][-]{Rfn.data.Rul.local.1}{\376\377\000d\000a\000t\000a\000\137\000l\000o\000c\000a\000l}{}% 11
\BOOKMARK [1][-]{Rfn.data.Rul.mw.Rul.variability.1}{\376\377\000d\000a\000t\000a\000\137\000m\000w\000\137\000v\000a\000r\000i\000a\000b\000i\000l\000i\000t\000y}{}% 12
\BOOKMARK [1][-]{Rfn.eda.Rul.bbmk.Rul.test.1}{\376\377\000e\000d\000a\000\137\000b\000b\000m\000k\000\137\000t\000e\000s\000t}{}% 13
\BOOKMARK [1][-]{Rfn.eda.Rul.kpss.Rul.test.1}{\376\377\000e\000d\000a\000\137\000k\000p\000s\000s\000\137\000t\000e\000s\000t}{}% 14
\BOOKMARK [1][-]{Rfn.eda.Rul.mks.Rul.test.1}{\376\377\000e\000d\000a\000\137\000m\000k\000s\000\137\000t\000e\000s\000t}{}% 15
\BOOKMARK [1][-]{Rfn.eda.Rul.mk.Rul.test.1}{\376\377\000e\000d\000a\000\137\000m\000k\000\137\000t\000e\000s\000t}{}% 16
\BOOKMARK [1][-]{Rfn.eda.Rul.pettitt.Rul.test.1}{\376\377\000e\000d\000a\000\137\000p\000e\000t\000t\000i\000t\000t\000\137\000t\000e\000s\000t}{}% 17
\BOOKMARK [1][-]{Rfn.eda.Rul.pp.Rul.test.1}{\376\377\000e\000d\000a\000\137\000p\000p\000\137\000t\000e\000s\000t}{}% 18
\BOOKMARK [1][-]{Rfn.eda.Rul.runs.Rul.test.1}{\376\377\000e\000d\000a\000\137\000r\000u\000n\000s\000\137\000t\000e\000s\000t}{}% 19
\BOOKMARK [1][-]{Rfn.eda.Rul.sens.Rul.trend.1}{\376\377\000e\000d\000a\000\137\000s\000e\000n\000s\000\137\000t\000r\000e\000n\000d}{}% 20
\BOOKMARK [1][-]{Rfn.eda.Rul.spearman.Rul.test.1}{\376\377\000e\000d\000a\000\137\000s\000p\000e\000a\000r\000m\000a\000n\000\137\000t\000e\000s\000t}{}% 21
\BOOKMARK [1][-]{Rfn.eda.Rul.white.Rul.test.1}{\376\377\000e\000d\000a\000\137\000w\000h\000i\000t\000e\000\137\000t\000e\000s\000t}{}% 22
\BOOKMARK [1][-]{Rfn.fit.Rul.lmom.Rul.fast.1}{\376\377\000f\000i\000t\000\137\000l\000m\000o\000m\000\137\000f\000a\000s\000t}{}% 23
\BOOKMARK [1][-]{Rfn.fit.Rul.lmom.Rul.kappa.1}{\376\377\000f\000i\000t\000\137\000l\000m\000o\000m\000\137\000k\000a\000p\000p\000a}{}% 24
\BOOKMARK [1][-]{Rfn.fit.Rul.lmom.Rul.xxx.1}{\376\377\000f\000i\000t\000\137\000l\000m\000o\000m\000\137\000x\000x\000x}{}% 25
\BOOKMARK [1][-]{Rfn.fit.Rul.maximum.Rul.likelihood.1}{\376\377\000f\000i\000t\000\137\000m\000a\000x\000i\000m\000u\000m\000\137\000l\000i\000k\000e\000l\000i\000h\000o\000o\000d}{}% 26
\BOOKMARK [1][-]{Rfn.general.Rul.loglik.Rul.fast.1}{\376\377\000g\000e\000n\000e\000r\000a\000l\000\137\000l\000o\000g\000l\000i\000k\000\137\000f\000a\000s\000t}{}% 27
\BOOKMARK [1][-]{Rfn.general.Rul.loglik.Rul.gev.1}{\376\377\000g\000e\000n\000e\000r\000a\000l\000\137\000l\000o\000g\000l\000i\000k\000\137\000g\000e\000v}{}% 28
\BOOKMARK [1][-]{Rfn.lmom.Rul.fast.1}{\376\377\000l\000m\000o\000m\000\137\000f\000a\000s\000t}{}% 29
\BOOKMARK [1][-]{Rfn.lmom.Rul.sample.1}{\376\377\000l\000m\000o\000m\000\137\000s\000a\000m\000p\000l\000e}{}% 30
\BOOKMARK [1][-]{Rfn.lmom.Rul.theoretical.1}{\376\377\000l\000m\000o\000m\000\137\000t\000h\000e\000o\000r\000e\000t\000i\000c\000a\000l}{}% 31
\BOOKMARK [1][-]{Rfn.loglik.Rul.fast.1}{\376\377\000l\000o\000g\000l\000i\000k\000\137\000f\000a\000s\000t}{}% 32
\BOOKMARK [1][-]{Rfn.loglik.Rul.xxx.1}{\376\377\000l\000o\000g\000l\000i\000k\000\137\000x\000x\000x}{}% 33
\BOOKMARK [1][-]{Rfn.model.Rul.diagnostics.1}{\376\377\000m\000o\000d\000e\000l\000\137\000d\000i\000a\000g\000n\000o\000s\000t\000i\000c\000s}{}% 34
\BOOKMARK [1][-]{Rfn.plot.Rul.ams.Rul.data.1}{\376\377\000p\000l\000o\000t\000\137\000a\000m\000s\000\137\000d\000a\000t\000a}{}% 35
\BOOKMARK [1][-]{Rfn.plot.Rul.bbmk.Rul.test.1}{\376\377\000p\000l\000o\000t\000\137\000b\000b\000m\000k\000\137\000t\000e\000s\000t}{}% 36
\BOOKMARK [1][-]{Rfn.plot.Rul.lmom.Rul.diagram.1}{\376\377\000p\000l\000o\000t\000\137\000l\000m\000o\000m\000\137\000d\000i\000a\000g\000r\000a\000m}{}% 37
\BOOKMARK [1][-]{Rfn.plot.Rul.mks.Rul.test.1}{\376\377\000p\000l\000o\000t\000\137\000m\000k\000s\000\137\000t\000e\000s\000t}{}% 38
\BOOKMARK [1][-]{Rfn.plot.Rul.model.Rul.diagnostics.1}{\376\377\000p\000l\000o\000t\000\137\000m\000o\000d\000e\000l\000\137\000d\000i\000a\000g\000n\000o\000s\000t\000i\000c\000s}{}% 39
\BOOKMARK [1][-]{Rfn.plot.Rul.nsffa.1}{\376\377\000p\000l\000o\000t\000\137\000n\000s\000f\000f\000a}{}% 40
\BOOKMARK [1][-]{Rfn.plot.Rul.pettitt.Rul.test.1}{\376\377\000p\000l\000o\000t\000\137\000p\000e\000t\000t\000i\000t\000t\000\137\000t\000e\000s\000t}{}% 41
\BOOKMARK [1][-]{Rfn.plot.Rul.runs.Rul.test.1}{\376\377\000p\000l\000o\000t\000\137\000r\000u\000n\000s\000\137\000t\000e\000s\000t}{}% 42
\BOOKMARK [1][-]{Rfn.plot.Rul.sens.Rul.trend.1}{\376\377\000p\000l\000o\000t\000\137\000s\000e\000n\000s\000\137\000t\000r\000e\000n\000d}{}% 43
\BOOKMARK [1][-]{Rfn.plot.Rul.sffa.1}{\376\377\000p\000l\000o\000t\000\137\000s\000f\000f\000a}{}% 44
\BOOKMARK [1][-]{Rfn.plot.Rul.spearman.Rul.test.1}{\376\377\000p\000l\000o\000t\000\137\000s\000p\000e\000a\000r\000m\000a\000n\000\137\000t\000e\000s\000t}{}% 45
\BOOKMARK [1][-]{Rfn.quantile.Rul.fast.1}{\376\377\000q\000u\000a\000n\000t\000i\000l\000e\000\137\000f\000a\000s\000t}{}% 46
\BOOKMARK [1][-]{Rfn.quantile.Rul.xxx.1}{\376\377\000q\000u\000a\000n\000t\000i\000l\000e\000\137\000x\000x\000x}{}% 47
\BOOKMARK [1][-]{Rfn.select.Rul.ldistance.1}{\376\377\000s\000e\000l\000e\000c\000t\000\137\000l\000d\000i\000s\000t\000a\000n\000c\000e}{}% 48
\BOOKMARK [1][-]{Rfn.select.Rul.lkurtosis.1}{\376\377\000s\000e\000l\000e\000c\000t\000\137\000l\000k\000u\000r\000t\000o\000s\000i\000s}{}% 49
\BOOKMARK [1][-]{Rfn.select.Rul.zstatistic.1}{\376\377\000s\000e\000l\000e\000c\000t\000\137\000z\000s\000t\000a\000t\000i\000s\000t\000i\000c}{}% 50
\BOOKMARK [1][-]{Rfn.uncertainty.Rul.bootstrap.1}{\376\377\000u\000n\000c\000e\000r\000t\000a\000i\000n\000t\000y\000\137\000b\000o\000o\000t\000s\000t\000r\000a\000p}{}% 51
\BOOKMARK [1][-]{Rfn.uncertainty.Rul.rfpl.1}{\376\377\000u\000n\000c\000e\000r\000t\000a\000i\000n\000t\000y\000\137\000r\000f\000p\000l}{}% 52
