\BOOKMARK [1][-]{Rfn.ams.decomposition.1}{\376\377\000a\000m\000s\000.\000d\000e\000c\000o\000m\000p\000o\000s\000i\000t\000i\000o\000n}{}% 1
\BOOKMARK [1][-]{Rfn.assessment.plot.1}{\376\377\000a\000s\000s\000e\000s\000s\000m\000e\000n\000t\000.\000p\000l\000o\000t}{}% 2
\BOOKMARK [1][-]{Rfn.bbmk.plot.1}{\376\377\000b\000b\000m\000k\000.\000p\000l\000o\000t}{}% 3
\BOOKMARK [1][-]{Rfn.bbmk.test.1}{\376\377\000b\000b\000m\000k\000.\000t\000e\000s\000t}{}% 4
\BOOKMARK [1][-]{Rfn.gll.Rdash.functions.1}{\376\377\000g\000l\000l\000-\000f\000u\000n\000c\000t\000i\000o\000n\000s}{}% 5
\BOOKMARK [1][-]{Rfn.gllxxx.1}{\376\377\000g\000l\000l\000x\000x\000x}{}% 6
\BOOKMARK [1][-]{Rfn.kpss.test.1}{\376\377\000k\000p\000s\000s\000.\000t\000e\000s\000t}{}% 7
\BOOKMARK [1][-]{Rfn.ld.selection.1}{\376\377\000l\000d\000.\000s\000e\000l\000e\000c\000t\000i\000o\000n}{}% 8
\BOOKMARK [1][-]{Rfn.lk.selection.1}{\376\377\000l\000k\000.\000s\000e\000l\000e\000c\000t\000i\000o\000n}{}% 9
\BOOKMARK [1][-]{Rfn.llv.Rdash.functions.1}{\376\377\000l\000l\000v\000-\000f\000u\000n\000c\000t\000i\000o\000n\000s}{}% 10
\BOOKMARK [1][-]{Rfn.llvxxx.1}{\376\377\000l\000l\000v\000x\000x\000x}{}% 11
\BOOKMARK [1][-]{Rfn.lmom.plot.1}{\376\377\000l\000m\000o\000m\000.\000p\000l\000o\000t}{}% 12
\BOOKMARK [1][-]{Rfn.lmom.sample.1}{\376\377\000l\000m\000o\000m\000.\000s\000a\000m\000p\000l\000e}{}% 13
\BOOKMARK [1][-]{Rfn.lmr.Rdash.functions.1}{\376\377\000l\000m\000r\000-\000f\000u\000n\000c\000t\000i\000o\000n\000s}{}% 14
\BOOKMARK [1][-]{Rfn.lmrxxx.1}{\376\377\000l\000m\000r\000x\000x\000x}{}% 15
\BOOKMARK [1][-]{Rfn.mk.test.1}{\376\377\000m\000k\000.\000t\000e\000s\000t}{}% 16
\BOOKMARK [1][-]{Rfn.mks.plot.1}{\376\377\000m\000k\000s\000.\000p\000l\000o\000t}{}% 17
\BOOKMARK [1][-]{Rfn.mks.test.1}{\376\377\000m\000k\000s\000.\000t\000e\000s\000t}{}% 18
\BOOKMARK [1][-]{Rfn.mle.estimation.1}{\376\377\000m\000l\000e\000.\000e\000s\000t\000i\000m\000a\000t\000i\000o\000n}{}% 19
\BOOKMARK [1][-]{Rfn.model.assessment.1}{\376\377\000m\000o\000d\000e\000l\000.\000a\000s\000s\000e\000s\000s\000m\000e\000n\000t}{}% 20
\BOOKMARK [1][-]{Rfn.mw.variance.1}{\376\377\000m\000w\000.\000v\000a\000r\000i\000a\000n\000c\000e}{}% 21
\BOOKMARK [1][-]{Rfn.pel.Rdash.functions.1}{\376\377\000p\000e\000l\000-\000f\000u\000n\000c\000t\000i\000o\000n\000s}{}% 22
\BOOKMARK [1][-]{Rfn.pelkap.1}{\376\377\000p\000e\000l\000k\000a\000p}{}% 23
\BOOKMARK [1][-]{Rfn.pelxxx.1}{\376\377\000p\000e\000l\000x\000x\000x}{}% 24
\BOOKMARK [1][-]{Rfn.pettitt.plot.1}{\376\377\000p\000e\000t\000t\000i\000t\000t\000.\000p\000l\000o\000t}{}% 25
\BOOKMARK [1][-]{Rfn.pettitt.test.1}{\376\377\000p\000e\000t\000t\000i\000t\000t\000.\000t\000e\000s\000t}{}% 26
\BOOKMARK [1][-]{Rfn.pp.test.1}{\376\377\000p\000p\000.\000t\000e\000s\000t}{}% 27
\BOOKMARK [1][-]{Rfn.qnt.Rdash.functions.1}{\376\377\000q\000n\000t\000-\000f\000u\000n\000c\000t\000i\000o\000n\000s}{}% 28
\BOOKMARK [1][-]{Rfn.qntxxx.1}{\376\377\000q\000n\000t\000x\000x\000x}{}% 29
\BOOKMARK [1][-]{Rfn.rfpl.uncertainty.1}{\376\377\000r\000f\000p\000l\000.\000u\000n\000c\000e\000r\000t\000a\000i\000n\000t\000y}{}% 30
\BOOKMARK [1][-]{Rfn.runs.plot.1}{\376\377\000r\000u\000n\000s\000.\000p\000l\000o\000t}{}% 31
\BOOKMARK [1][-]{Rfn.runs.test.1}{\376\377\000r\000u\000n\000s\000.\000t\000e\000s\000t}{}% 32
\BOOKMARK [1][-]{Rfn.sb.uncertainty.1}{\376\377\000s\000b\000.\000u\000n\000c\000e\000r\000t\000a\000i\000n\000t\000y}{}% 33
\BOOKMARK [1][-]{Rfn.sens.plot.1}{\376\377\000s\000e\000n\000s\000.\000p\000l\000o\000t}{}% 34
\BOOKMARK [1][-]{Rfn.sens.trend.1}{\376\377\000s\000e\000n\000s\000.\000t\000r\000e\000n\000d}{}% 35
\BOOKMARK [1][-]{Rfn.spearman.plot.1}{\376\377\000s\000p\000e\000a\000r\000m\000a\000n\000.\000p\000l\000o\000t}{}% 36
\BOOKMARK [1][-]{Rfn.spearman.test.1}{\376\377\000s\000p\000e\000a\000r\000m\000a\000n\000.\000t\000e\000s\000t}{}% 37
\BOOKMARK [1][-]{Rfn.uncertainty.plot.1}{\376\377\000u\000n\000c\000e\000r\000t\000a\000i\000n\000t\000y\000.\000p\000l\000o\000t}{}% 38
\BOOKMARK [1][-]{Rfn.white.test.1}{\376\377\000w\000h\000i\000t\000e\000.\000t\000e\000s\000t}{}% 39
\BOOKMARK [1][-]{Rfn.z.selection.1}{\376\377\000z\000.\000s\000e\000l\000e\000c\000t\000i\000o\000n}{}% 40
\BOOKMARK [0][-]{index.0}{\376\377\000I\000n\000d\000e\000x}{}% 41
